<?xml version="1.0" encoding="UTF-8"?>
<testng-results ignored="0" total="4" passed="4" failed="0" skipped="0">
  <reporter-output>
  </reporter-output>
  <suite started-at="2022-10-11T14:14:19 IST" name="Surefire suite" finished-at="2022-10-11T14:14:40 IST" duration-ms="21370">
    <groups>
      <group name="cucumber">
        <method signature="AbstractTestNGCucumberTests.runScenario(io.cucumber.testng.PickleWrapper,io.cucumber.testng.FeatureWrapper)[pri:0, instance:com.runner.TestNGRunner@5c671d7f]" name="runScenario" class="io.cucumber.testng.AbstractTestNGCucumberTests"/>
      </group> <!-- cucumber -->
    </groups>
    <test started-at="2022-10-11T14:14:19 IST" name="Surefire test" finished-at="2022-10-11T14:14:40 IST" duration-ms="21370">
      <class name="com.runner.TestNGRunner">
        <test-method is-config="true" signature="setUpClass(org.testng.ITestContext)[pri:0, instance:com.runner.TestNGRunner@5c671d7f]" started-at="2022-10-11T14:14:19 IST" name="setUpClass" finished-at="2022-10-11T14:14:19 IST" duration-ms="312" status="PASS">
          <params>
            <param index="0">
              <value>
                <![CDATA[org.testng.TestRunner@59d77850]]>
              </value>
            </param>
          </params>
          <reporter-output>
          </reporter-output>
        </test-method> <!-- setUpClass -->
        <test-method signature="runScenario(io.cucumber.testng.PickleWrapper,io.cucumber.testng.FeatureWrapper)[pri:0, instance:com.runner.TestNGRunner@5c671d7f]" started-at="2022-10-11T14:14:19 IST" name="runScenario" description="Runs Cucumber Scenarios" data-provider="scenarios" finished-at="2022-10-11T14:14:24 IST" duration-ms="4863" status="PASS">
          <params>
            <param index="0">
              <value>
                <![CDATA["To Validate User able to lands on STC tv home page"]]>
              </value>
            </param>
            <param index="1">
              <value>
                <![CDATA["Optional[STCtv feature Validations]"]]>
              </value>
            </param>
          </params>
          <reporter-output>
          </reporter-output>
        </test-method> <!-- runScenario -->
        <test-method signature="runScenario(io.cucumber.testng.PickleWrapper,io.cucumber.testng.FeatureWrapper)[pri:0, instance:com.runner.TestNGRunner@5c671d7f]" started-at="2022-10-11T14:14:24 IST" name="runScenario" description="Runs Cucumber Scenarios" data-provider="scenarios" finished-at="2022-10-11T14:14:29 IST" duration-ms="5474" status="PASS">
          <params>
            <param index="0">
              <value>
                <![CDATA["To Validate user able to validate the subscription details of each country"]]>
              </value>
            </param>
            <param index="1">
              <value>
                <![CDATA["Optional[STCtv feature Validations]"]]>
              </value>
            </param>
          </params>
          <reporter-output>
          </reporter-output>
        </test-method> <!-- runScenario -->
        <test-method signature="runScenario(io.cucumber.testng.PickleWrapper,io.cucumber.testng.FeatureWrapper)[pri:0, instance:com.runner.TestNGRunner@5c671d7f]" started-at="2022-10-11T14:14:29 IST" name="runScenario" description="Runs Cucumber Scenarios" data-provider="scenarios" finished-at="2022-10-11T14:14:35 IST" duration-ms="5294" status="PASS">
          <params>
            <param index="0">
              <value>
                <![CDATA["To Validate user able to validate the subscription details of each country"]]>
              </value>
            </param>
            <param index="1">
              <value>
                <![CDATA["Optional[STCtv feature Validations]"]]>
              </value>
            </param>
          </params>
          <reporter-output>
          </reporter-output>
        </test-method> <!-- runScenario -->
        <test-method signature="runScenario(io.cucumber.testng.PickleWrapper,io.cucumber.testng.FeatureWrapper)[pri:0, instance:com.runner.TestNGRunner@5c671d7f]" started-at="2022-10-11T14:14:35 IST" name="runScenario" description="Runs Cucumber Scenarios" data-provider="scenarios" finished-at="2022-10-11T14:14:40 IST" duration-ms="5328" status="PASS">
          <params>
            <param index="0">
              <value>
                <![CDATA["To Validate user able to validate the subscription details of each country"]]>
              </value>
            </param>
            <param index="1">
              <value>
                <![CDATA["Optional[STCtv feature Validations]"]]>
              </value>
            </param>
          </params>
          <reporter-output>
          </reporter-output>
        </test-method> <!-- runScenario -->
        <test-method is-config="true" signature="tearDownClass()[pri:0, instance:com.runner.TestNGRunner@5c671d7f]" started-at="2022-10-11T14:14:40 IST" name="tearDownClass" finished-at="2022-10-11T14:14:40 IST" duration-ms="69" status="PASS">
          <reporter-output>
          </reporter-output>
        </test-method> <!-- tearDownClass -->
      </class> <!-- com.runner.TestNGRunner -->
    </test> <!-- Surefire test -->
  </suite> <!-- Surefire suite -->
</testng-results>
