<?xml version="1.0" encoding="UTF-8"?>
<testsuite xmlns:xsi="http://www.w3.org/2001/XMLSchema-instance" xsi:noNamespaceSchemaLocation="https://maven.apache.org/surefire/maven-surefire-plugin/xsd/surefire-test-report.xsd" name="com.runner.TestNGRunner" time="21.672" tests="4" errors="0" skipped="0" failures="0">
  <properties>
[...]
</properties>
  <testcase name="runScenario" classname="com.runner.TestNGRunner" time="4.865"/>
  <testcase name="runScenario" classname="com.runner.TestNGRunner" time="5.473"/>
  <testcase name="runScenario" classname="com.runner.TestNGRunner" time="5.294"/>
  <testcase name="runScenario" classname="com.runner.TestNGRunner" time="5.329"/>
</testsuite>